Start testing: Jun 21 18:28 WIB
----------------------------------------------------------
1/1 Testing: SliceTest
1/1 Test: SliceTest
Command: "/media/bagaswh/gammix-large/code/mine/c-toolbox/build/slice_test"
Directory: /media/bagaswh/gammix-large/code/mine/c-toolbox/build
"SliceTest" start time: Jun 21 18:28 WIB
Output:
----------------------------------------------------------
/media/bagaswh/gammix-large/code/mine/c-toolbox/slice_test.c:66:test_slice_new_returns_null_on_invalid_input:PASS
/media/bagaswh/gammix-large/code/mine/c-toolbox/slice_test.c:67:test_slice_new_allocates_and_initializes:PASS
/media/bagaswh/gammix-large/code/mine/c-toolbox/slice_test.c:68:test_slice_grow_doubles_small_capacity:PASS
/media/bagaswh/gammix-large/code/mine/c-toolbox/slice_test.c:69:test_slice_is_full_works:PASS
/media/bagaswh/gammix-large/code/mine/c-toolbox/slice_test.c:70:test_slice_copy_copies_data:PASS

-----------------------
5 Tests 0 Failures 0 Ignored 
OK
<end of output>
Test time =   0.00 sec
----------------------------------------------------------
Test Passed.
"SliceTest" end time: Jun 21 18:28 WIB
"SliceTest" time elapsed: 00:00:00
----------------------------------------------------------

End testing: Jun 21 18:28 WIB
